  stdafx.cpp
  gameNode.cpp
  image.cpp
  keyManager.cpp
  playGround.cpp
c:\users\hy_raptop\onedrive\desktop\ㅇㅇㅇ\20191117_김동화_기초ai_v2\playground.h(10): warning C4005: 'TANKHP': 매크로 재정의
  c:\users\hy_raptop\onedrive\desktop\ㅇㅇㅇ\20191117_김동화_기초ai_v2\playground.h(7): note: 'TANKHP'의 이전 정의를 참조하십시오.
c:\users\hy_raptop\onedrive\desktop\ㅇㅇㅇ\20191117_김동화_기초ai_v2\playground.h(136): warning C4244: '인수': 'float'에서 'int'(으)로 변환하면서 데이터가 손실될 수 있습니다.
  c:\users\hy_raptop\onedrive\desktop\ㅇㅇㅇ\20191117_김동화_기초ai_v2\playground.h(138): note: 컴파일 중인 클래스 템플릿 인스턴스화 'Bullet<T>'에 대한 참조를 확인하세요.
c:\users\hy_raptop\onedrive\desktop\ㅇㅇㅇ\20191117_김동화_기초ai_v2\playground.h(136): warning C4244: '인수': 'FLOAT'에서 'int'(으)로 변환하면서 데이터가 손실될 수 있습니다.
c:\users\hy_raptop\onedrive\desktop\ㅇㅇㅇ\20191117_김동화_기초ai_v2\playground.h(183): warning C4305: '-=': 'double'에서 'float'(으)로 잘립니다.
c:\users\hy_raptop\onedrive\desktop\ㅇㅇㅇ\20191117_김동화_기초ai_v2\playground.h(187): warning C4305: '+=': 'double'에서 'float'(으)로 잘립니다.
c:\users\hy_raptop\onedrive\desktop\ㅇㅇㅇ\20191117_김동화_기초ai_v2\playground.h(252): warning C4305: '=': 'double'에서 'float'(으)로 잘립니다.
c:\users\hy_raptop\onedrive\desktop\ㅇㅇㅇ\20191117_김동화_기초ai_v2\playground.h(270): warning C4554: '&': 연산자 우선 순위에 오류가 있는지 확인하세요. 괄호를 사용하여 우선 순위를 명확하게 지정하세요.
c:\users\hy_raptop\onedrive\desktop\ㅇㅇㅇ\20191117_김동화_기초ai_v2\playground.h(375): warning C4244: '+=': 'double'에서 'float'(으)로 변환하면서 데이터가 손실될 수 있습니다.
c:\users\hy_raptop\onedrive\desktop\ㅇㅇㅇ\20191117_김동화_기초ai_v2\playground.h(386): warning C4244: '인수': 'FLOAT'에서 'int'(으)로 변환하면서 데이터가 손실될 수 있습니다.
c:\users\hy_raptop\onedrive\desktop\ㅇㅇㅇ\20191117_김동화_기초ai_v2\playground.h(387): warning C4244: '인수': 'FLOAT'에서 'int'(으)로 변환하면서 데이터가 손실될 수 있습니다.
c:\users\hy_raptop\onedrive\desktop\ㅇㅇㅇ\20191117_김동화_기초ai_v2\playground.h(395): warning C4244: '인수': 'float'에서 'int'(으)로 변환하면서 데이터가 손실될 수 있습니다.
c:\users\hy_raptop\onedrive\desktop\ㅇㅇㅇ\20191117_김동화_기초ai_v2\playground.h(395): warning C4244: '인수': 'FLOAT'에서 'int'(으)로 변환하면서 데이터가 손실될 수 있습니다.
c:\users\hy_raptop\onedrive\desktop\ㅇㅇㅇ\20191117_김동화_기초ai_v2\playground.h(404): warning C4244: '인수': 'FLOAT'에서 'int'(으)로 변환하면서 데이터가 손실될 수 있습니다.
c:\users\hy_raptop\onedrive\desktop\ㅇㅇㅇ\20191117_김동화_기초ai_v2\playground.h(414): warning C4267: '인수': 'size_t'에서 'int'(으)로 변환하면서 데이터가 손실될 수 있습니다.
c:\users\hy_raptop\onedrive\desktop\ㅇㅇㅇ\20191117_김동화_기초ai_v2\playground.h(414): warning C4244: '인수': 'FLOAT'에서 'int'(으)로 변환하면서 데이터가 손실될 수 있습니다.
c:\users\hy_raptop\onedrive\desktop\ㅇㅇㅇ\20191117_김동화_기초ai_v2\playground.h(417): warning C4267: '인수': 'size_t'에서 'int'(으)로 변환하면서 데이터가 손실될 수 있습니다.
c:\users\hy_raptop\onedrive\desktop\ㅇㅇㅇ\20191117_김동화_기초ai_v2\playground.h(417): warning C4244: '인수': 'FLOAT'에서 'int'(으)로 변환하면서 데이터가 손실될 수 있습니다.
c:\users\hy_raptop\onedrive\desktop\ㅇㅇㅇ\20191117_김동화_기초ai_v2\playground.h(454): warning C4305: '+=': 'double'에서 'float'(으)로 잘립니다.
c:\users\hy_raptop\onedrive\desktop\ㅇㅇㅇ\20191117_김동화_기초ai_v2\playground.h(459): warning C4244: '인수': 'FLOAT'에서 'int'(으)로 변환하면서 데이터가 손실될 수 있습니다.
c:\users\hy_raptop\onedrive\desktop\ㅇㅇㅇ\20191117_김동화_기초ai_v2\playground.h(472): warning C4244: '인수': 'FLOAT'에서 'int'(으)로 변환하면서 데이터가 손실될 수 있습니다.
c:\users\hy_raptop\onedrive\desktop\ㅇㅇㅇ\20191117_김동화_기초ai_v2\playground.h(473): warning C4244: '인수': 'FLOAT'에서 'int'(으)로 변환하면서 데이터가 손실될 수 있습니다.
c:\users\hy_raptop\onedrive\desktop\ㅇㅇㅇ\20191117_김동화_기초ai_v2\playground.h(474): warning C4244: '인수': 'FLOAT'에서 'int'(으)로 변환하면서 데이터가 손실될 수 있습니다.
c:\users\hy_raptop\onedrive\desktop\ㅇㅇㅇ\20191117_김동화_기초ai_v2\playground.h(476): warning C4244: '-=': 'float'에서 'LONG'(으)로 변환하면서 데이터가 손실될 수 있습니다.
c:\users\hy_raptop\onedrive\desktop\ㅇㅇㅇ\20191117_김동화_기초ai_v2\playground.h(502): warning C4244: '인수': 'FLOAT'에서 'int'(으)로 변환하면서 데이터가 손실될 수 있습니다.
c:\users\hy_raptop\onedrive\desktop\ㅇㅇㅇ\20191117_김동화_기초ai_v2\playground.h(528): warning C4244: '-=': 'float'에서 'int'(으)로 변환하면서 데이터가 손실될 수 있습니다.
c:\users\hy_raptop\onedrive\desktop\ㅇㅇㅇ\20191117_김동화_기초ai_v2\playground.h(505): warning C4101: 'temprect' :참조되지 않은 지역 변수입니다.
c:\users\hy_raptop\onedrive\desktop\ㅇㅇㅇ\20191117_김동화_기초ai_v2\playground.cpp(34): warning C4305: '=': 'double'에서 'float'(으)로 잘립니다.
c:\users\hy_raptop\onedrive\desktop\ㅇㅇㅇ\20191117_김동화_기초ai_v2\playground.h(86): warning C4305: '+=': 'double'에서 'float'(으)로 잘립니다.
  c:\users\hy_raptop\onedrive\desktop\ㅇㅇㅇ\20191117_김동화_기초ai_v2\playground.h(80): note: 클래스 템플릿 멤버 함수 'void Bullet<Tank>::BulletMove(void)'을(를) 컴파일하고 있습니다.
  c:\users\hy_raptop\onedrive\desktop\ㅇㅇㅇ\20191117_김동화_기초ai_v2\playground.h(553): note: 컴파일 중인 함수 템플릿 인스턴스화 'void Bullet<Tank>::BulletMove(void)'에 대한 참조를 확인하십시오.
c:\users\hy_raptop\onedrive\desktop\ㅇㅇㅇ\20191117_김동화_기초ai_v2\playground.h(117): warning C4305: '=': 'double'에서 'float'(으)로 잘립니다.
  windowAPI.cpp
c:\users\hy_raptop\onedrive\desktop\ㅇㅇㅇ\20191117_김동화_기초ai_v2\playground.h(10): warning C4005: 'TANKHP': 매크로 재정의
  c:\users\hy_raptop\onedrive\desktop\ㅇㅇㅇ\20191117_김동화_기초ai_v2\playground.h(7): note: 'TANKHP'의 이전 정의를 참조하십시오.
c:\users\hy_raptop\onedrive\desktop\ㅇㅇㅇ\20191117_김동화_기초ai_v2\playground.h(136): warning C4244: '인수': 'float'에서 'int'(으)로 변환하면서 데이터가 손실될 수 있습니다.
  c:\users\hy_raptop\onedrive\desktop\ㅇㅇㅇ\20191117_김동화_기초ai_v2\playground.h(138): note: 컴파일 중인 클래스 템플릿 인스턴스화 'Bullet<T>'에 대한 참조를 확인하세요.
c:\users\hy_raptop\onedrive\desktop\ㅇㅇㅇ\20191117_김동화_기초ai_v2\playground.h(136): warning C4244: '인수': 'FLOAT'에서 'int'(으)로 변환하면서 데이터가 손실될 수 있습니다.
c:\users\hy_raptop\onedrive\desktop\ㅇㅇㅇ\20191117_김동화_기초ai_v2\playground.h(183): warning C4305: '-=': 'double'에서 'float'(으)로 잘립니다.
c:\users\hy_raptop\onedrive\desktop\ㅇㅇㅇ\20191117_김동화_기초ai_v2\playground.h(187): warning C4305: '+=': 'double'에서 'float'(으)로 잘립니다.
c:\users\hy_raptop\onedrive\desktop\ㅇㅇㅇ\20191117_김동화_기초ai_v2\playground.h(252): warning C4305: '=': 'double'에서 'float'(으)로 잘립니다.
c:\users\hy_raptop\onedrive\desktop\ㅇㅇㅇ\20191117_김동화_기초ai_v2\playground.h(270): warning C4554: '&': 연산자 우선 순위에 오류가 있는지 확인하세요. 괄호를 사용하여 우선 순위를 명확하게 지정하세요.
c:\users\hy_raptop\onedrive\desktop\ㅇㅇㅇ\20191117_김동화_기초ai_v2\playground.h(375): warning C4244: '+=': 'double'에서 'float'(으)로 변환하면서 데이터가 손실될 수 있습니다.
c:\users\hy_raptop\onedrive\desktop\ㅇㅇㅇ\20191117_김동화_기초ai_v2\playground.h(386): warning C4244: '인수': 'FLOAT'에서 'int'(으)로 변환하면서 데이터가 손실될 수 있습니다.
c:\users\hy_raptop\onedrive\desktop\ㅇㅇㅇ\20191117_김동화_기초ai_v2\playground.h(387): warning C4244: '인수': 'FLOAT'에서 'int'(으)로 변환하면서 데이터가 손실될 수 있습니다.
c:\users\hy_raptop\onedrive\desktop\ㅇㅇㅇ\20191117_김동화_기초ai_v2\playground.h(395): warning C4244: '인수': 'float'에서 'int'(으)로 변환하면서 데이터가 손실될 수 있습니다.
c:\users\hy_raptop\onedrive\desktop\ㅇㅇㅇ\20191117_김동화_기초ai_v2\playground.h(395): warning C4244: '인수': 'FLOAT'에서 'int'(으)로 변환하면서 데이터가 손실될 수 있습니다.
c:\users\hy_raptop\onedrive\desktop\ㅇㅇㅇ\20191117_김동화_기초ai_v2\playground.h(404): warning C4244: '인수': 'FLOAT'에서 'int'(으)로 변환하면서 데이터가 손실될 수 있습니다.
c:\users\hy_raptop\onedrive\desktop\ㅇㅇㅇ\20191117_김동화_기초ai_v2\playground.h(414): warning C4267: '인수': 'size_t'에서 'int'(으)로 변환하면서 데이터가 손실될 수 있습니다.
c:\users\hy_raptop\onedrive\desktop\ㅇㅇㅇ\20191117_김동화_기초ai_v2\playground.h(414): warning C4244: '인수': 'FLOAT'에서 'int'(으)로 변환하면서 데이터가 손실될 수 있습니다.
c:\users\hy_raptop\onedrive\desktop\ㅇㅇㅇ\20191117_김동화_기초ai_v2\playground.h(417): warning C4267: '인수': 'size_t'에서 'int'(으)로 변환하면서 데이터가 손실될 수 있습니다.
c:\users\hy_raptop\onedrive\desktop\ㅇㅇㅇ\20191117_김동화_기초ai_v2\playground.h(417): warning C4244: '인수': 'FLOAT'에서 'int'(으)로 변환하면서 데이터가 손실될 수 있습니다.
c:\users\hy_raptop\onedrive\desktop\ㅇㅇㅇ\20191117_김동화_기초ai_v2\playground.h(454): warning C4305: '+=': 'double'에서 'float'(으)로 잘립니다.
c:\users\hy_raptop\onedrive\desktop\ㅇㅇㅇ\20191117_김동화_기초ai_v2\playground.h(459): warning C4244: '인수': 'FLOAT'에서 'int'(으)로 변환하면서 데이터가 손실될 수 있습니다.
c:\users\hy_raptop\onedrive\desktop\ㅇㅇㅇ\20191117_김동화_기초ai_v2\playground.h(472): warning C4244: '인수': 'FLOAT'에서 'int'(으)로 변환하면서 데이터가 손실될 수 있습니다.
c:\users\hy_raptop\onedrive\desktop\ㅇㅇㅇ\20191117_김동화_기초ai_v2\playground.h(473): warning C4244: '인수': 'FLOAT'에서 'int'(으)로 변환하면서 데이터가 손실될 수 있습니다.
c:\users\hy_raptop\onedrive\desktop\ㅇㅇㅇ\20191117_김동화_기초ai_v2\playground.h(474): warning C4244: '인수': 'FLOAT'에서 'int'(으)로 변환하면서 데이터가 손실될 수 있습니다.
c:\users\hy_raptop\onedrive\desktop\ㅇㅇㅇ\20191117_김동화_기초ai_v2\playground.h(476): warning C4244: '-=': 'float'에서 'LONG'(으)로 변환하면서 데이터가 손실될 수 있습니다.
c:\users\hy_raptop\onedrive\desktop\ㅇㅇㅇ\20191117_김동화_기초ai_v2\playground.h(502): warning C4244: '인수': 'FLOAT'에서 'int'(으)로 변환하면서 데이터가 손실될 수 있습니다.
c:\users\hy_raptop\onedrive\desktop\ㅇㅇㅇ\20191117_김동화_기초ai_v2\playground.h(528): warning C4244: '-=': 'float'에서 'int'(으)로 변환하면서 데이터가 손실될 수 있습니다.
c:\users\hy_raptop\onedrive\desktop\ㅇㅇㅇ\20191117_김동화_기초ai_v2\playground.h(505): warning C4101: 'temprect' :참조되지 않은 지역 변수입니다.
c:\users\hy_raptop\onedrive\desktop\ㅇㅇㅇ\20191117_김동화_기초ai_v2\windowapi.cpp(70): warning C4244: 'return': 'WPARAM'에서 'int'(으)로 변환하면서 데이터가 손실될 수 있습니다.
c:\users\hy_raptop\onedrive\desktop\ㅇㅇㅇ\20191117_김동화_기초ai_v2\playground.h(86): warning C4305: '+=': 'double'에서 'float'(으)로 잘립니다.
  c:\users\hy_raptop\onedrive\desktop\ㅇㅇㅇ\20191117_김동화_기초ai_v2\playground.h(80): note: 클래스 템플릿 멤버 함수 'void Bullet<Tank>::BulletMove(void)'을(를) 컴파일하고 있습니다.
  c:\users\hy_raptop\onedrive\desktop\ㅇㅇㅇ\20191117_김동화_기초ai_v2\playground.h(553): note: 컴파일 중인 함수 템플릿 인스턴스화 'void Bullet<Tank>::BulletMove(void)'에 대한 참조를 확인하십시오.
c:\users\hy_raptop\onedrive\desktop\ㅇㅇㅇ\20191117_김동화_기초ai_v2\playground.h(117): warning C4305: '=': 'double'에서 'float'(으)로 잘립니다.
  코드를 생성하고 있습니다...
  windowAPI.vcxproj -> C:\Users\HY_Raptop\OneDrive\Desktop\ㅇㅇㅇ\20191117_김동화_기초AI_v2\x64\Debug\windowAPI.exe
